0:0.00 MiB - 28 ms:/home/bjorn/scripts/Mediatag/app/Core/Traits/Command/CommandHelper.php:getProcessClass:95
  0 => 
    0 => 'CommandHelper GetProccessClass => Mediatag\\Commands\\Rename\\Process',
  ]
________________________________________________________________________________
________________________________________________________________________________
0:0.00 MiB - 27 ms:/home/bjorn/scripts/Mediatag/app/Core/Traits/Command/CommandHelper.php:getProcessClass:95
  0 => 
    0 => 'CommandHelper GetProccessClass => Mediatag\\Commands\\Rename\\Process',
  ]
________________________________________________________________________________
________________________________________________________________________________
0:0.00 MiB - 226 ms:/home/bjorn/scripts/Mediatag/app/Core/Traits/Command/CommandHelper.php:getProcessClass:95
  0 => 
    0 => 'CommandHelper GetProccessClass => Mediatag\\Commands\\Rename\\Process',
  ]
________________________________________________________________________________
________________________________________________________________________________
0:0.00 MiB - 45 ms:/home/bjorn/scripts/Mediatag/app/Core/Traits/Command/CommandHelper.php:getProcessClass:95
  0 => 
    0 => 'CommandHelper GetProccessClass => Mediatag\\Commands\\Rename\\Process',
  ]
________________________________________________________________________________
________________________________________________________________________________
0:0.00 MiB - 36 ms:/home/bjorn/scripts/Mediatag/app/Core/Traits/Command/CommandHelper.php:getProcessClass:95
  0 => 
    0 => 'CommandHelper GetProccessClass => Mediatag\\Commands\\Rename\\Process',
  ]
________________________________________________________________________________
________________________________________________________________________________
0:0.00 MiB - 40 ms:/home/bjorn/scripts/Mediatag/app/Core/Traits/Command/CommandHelper.php:getProcessClass:95
  0 => 
    0 => 'CommandHelper GetProccessClass => Mediatag\\Commands\\Rename\\Process',
  ]
________________________________________________________________________________
________________________________________________________________________________
0:0.00 MiB - 39 ms:/home/bjorn/scripts/Mediatag/app/Core/Traits/Command/CommandHelper.php:getProcessClass:95
  0 => 
    0 => 'CommandHelper GetProccessClass => Mediatag\\Commands\\Rename\\Process',
  ]
________________________________________________________________________________
________________________________________________________________________________
0:0.00 MiB - 40 ms:/home/bjorn/scripts/Mediatag/app/Core/Traits/Command/CommandHelper.php:getProcessClass:95
  0 => 
    0 => 'CommandHelper GetProccessClass => Mediatag\\Commands\\Rename\\Process',
  ]
________________________________________________________________________________
________________________________________________________________________________
0:0.00 MiB - 55 ms:/home/bjorn/scripts/Mediatag/app/Core/Traits/Command/CommandHelper.php:getProcessClass:95
  0 => 
    0 => 'CommandHelper GetProccessClass => Mediatag\\Commands\\Rename\\Process',
  ]
________________________________________________________________________________
________________________________________________________________________________
0:0.00 MiB - 38 ms:/home/bjorn/scripts/Mediatag/app/Core/Traits/Command/CommandHelper.php:getProcessClass:95
  0 => 
    0 => 'CommandHelper GetProccessClass => Mediatag\\Commands\\Rename\\Process',
  ]
________________________________________________________________________________
________________________________________________________________________________
0:0.00 MiB - 36 ms:/home/bjorn/scripts/Mediatag/app/Core/Traits/Command/CommandHelper.php:getProcessClass:95
  0 => 
    0 => 'CommandHelper GetProccessClass => Mediatag\\Commands\\Rename\\Process',
  ]
________________________________________________________________________________
________________________________________________________________________________
0:0.00 MiB - 38 ms:/home/bjorn/scripts/Mediatag/app/Core/Traits/Command/CommandHelper.php:getProcessClass:95
  0 => 
    0 => 'CommandHelper GetProccessClass => Mediatag\\Commands\\Rename\\Process',
  ]
________________________________________________________________________________
________________________________________________________________________________
0:0.00 MiB - 31 ms:/home/bjorn/scripts/Mediatag/app/Core/Traits/Command/CommandHelper.php:getProcessClass:95
  0 => 
    0 => 'CommandHelper GetProccessClass => Mediatag\\Commands\\Rename\\Process',
  ]
________________________________________________________________________________
________________________________________________________________________________
0:0.00 MiB - 30 ms:/home/bjorn/scripts/Mediatag/app/Core/Traits/Command/CommandHelper.php:getProcessClass:95
  0 => 
    0 => 'CommandHelper GetProccessClass => Mediatag\\Commands\\Rename\\Process',
  ]
________________________________________________________________________________
________________________________________________________________________________
0:0.00 MiB - 31 ms:/home/bjorn/scripts/Mediatag/app/Core/Traits/Command/CommandHelper.php:getProcessClass:95
  0 => 
    0 => 'CommandHelper GetProccessClass => Mediatag\\Commands\\Rename\\Process',
  ]
________________________________________________________________________________
________________________________________________________________________________
0:0.00 MiB - 36 ms:/home/bjorn/scripts/Mediatag/app/Core/Traits/Command/CommandHelper.php:getProcessClass:95
  0 => 
    0 => 'CommandHelper GetProccessClass => Mediatag\\Commands\\Rename\\Process',
  ]
________________________________________________________________________________
________________________________________________________________________________
0:0.00 MiB - 34 ms:/home/bjorn/scripts/Mediatag/app/Core/Traits/Command/CommandHelper.php:getProcessClass:95
  0 => 
    0 => 'CommandHelper GetProccessClass => Mediatag\\Commands\\Rename\\Process',
  ]
________________________________________________________________________________
________________________________________________________________________________
0:0.00 MiB - 32 ms:/home/bjorn/scripts/Mediatag/app/Core/Traits/Command/CommandHelper.php:getProcessClass:95
  0 => 
    0 => 'CommandHelper GetProccessClass => Mediatag\\Commands\\Rename\\Process',
  ]
________________________________________________________________________________
________________________________________________________________________________
0:0.00 MiB - 32 ms:/home/bjorn/scripts/Mediatag/app/Core/Traits/Command/CommandHelper.php:getProcessClass:95
  0 => 
    0 => 'CommandHelper GetProccessClass => Mediatag\\Commands\\Rename\\Process',
  ]
________________________________________________________________________________
________________________________________________________________________________
0:0.00 MiB - 34 ms:/home/bjorn/scripts/Mediatag/app/Core/Traits/Command/CommandHelper.php:getProcessClass:95
  0 => 
    0 => 'CommandHelper GetProccessClass => Mediatag\\Commands\\Rename\\Process',
  ]
________________________________________________________________________________
________________________________________________________________________________
0:0.00 MiB - 42 ms:/home/bjorn/scripts/Mediatag/app/Core/Traits/Command/CommandHelper.php:getProcessClass:95
  0 => 
    0 => 'CommandHelper GetProccessClass => Mediatag\\Commands\\Rename\\Process',
  ]
________________________________________________________________________________
________________________________________________________________________________
0:0.00 MiB - 31 ms:/home/bjorn/scripts/Mediatag/app/Core/Traits/Command/CommandHelper.php:getProcessClass:95
  0 => 
    0 => 'CommandHelper GetProccessClass => Mediatag\\Commands\\Rename\\Process',
  ]
________________________________________________________________________________
________________________________________________________________________________
0:0.00 MiB - 31 ms:/home/bjorn/scripts/Mediatag/app/Core/Traits/Command/CommandHelper.php:getProcessClass:95
  0 => 
    0 => 'CommandHelper GetProccessClass => Mediatag\\Commands\\Rename\\Process',
  ]
________________________________________________________________________________
________________________________________________________________________________
0:0.00 MiB - 31 ms:/home/bjorn/scripts/Mediatag/app/Core/Traits/Command/CommandHelper.php:getProcessClass:95
  0 => 
    0 => 'CommandHelper GetProccessClass => Mediatag\\Commands\\Rename\\Process',
  ]
________________________________________________________________________________
________________________________________________________________________________
0:0.00 MiB - 30 ms:/home/bjorn/scripts/Mediatag/app/Core/Traits/Command/CommandHelper.php:getProcessClass:95
  0 => 
    0 => 'CommandHelper GetProccessClass => Mediatag\\Commands\\Rename\\Process',
  ]
________________________________________________________________________________
________________________________________________________________________________
0:0.00 MiB - 32 ms:/home/bjorn/scripts/Mediatag/app/Core/Traits/Command/CommandHelper.php:getProcessClass:95
  0 => 
    0 => 'CommandHelper GetProccessClass => Mediatag\\Commands\\Rename\\Process',
  ]
________________________________________________________________________________
________________________________________________________________________________
0:0.00 MiB - 30 ms:/home/bjorn/scripts/Mediatag/app/Core/Traits/Command/CommandHelper.php:getProcessClass:95
  0 => 
    0 => 'CommandHelper GetProccessClass => Mediatag\\Commands\\Rename\\Process',
  ]
________________________________________________________________________________
________________________________________________________________________________
0:0.00 MiB - 31 ms:/home/bjorn/scripts/Mediatag/app/Core/Traits/Command/CommandHelper.php:getProcessClass:95
  0 => 
    0 => 'CommandHelper GetProccessClass => Mediatag\\Commands\\Rename\\Process',
  ]
________________________________________________________________________________
________________________________________________________________________________
0:0.00 MiB - 31 ms:/home/bjorn/scripts/Mediatag/app/Core/Traits/Command/CommandHelper.php:getProcessClass:95
  0 => 
    0 => 'CommandHelper GetProccessClass => Mediatag\\Commands\\Rename\\Process',
  ]
