0:0.00 MiB - 32 ms:/home/bjorn/scripts/Mediatag/app/Core/Traits/Command/CommandHelper.php:getProcessClass:95
  0 => 
    0 => 'CommandHelper GetProccessClass => Mediatag\\Commands\\Create\\Process',
  ]
________________________________________________________________________________
________________________________________________________________________________
0:0.00 MiB - 29 ms:/home/bjorn/scripts/Mediatag/app/Core/Traits/Command/CommandHelper.php:getProcessClass:95
  0 => 
    0 => 'CommandHelper GetProccessClass => Mediatag\\Commands\\Create\\Process',
  ]
________________________________________________________________________________
________________________________________________________________________________
0:0.00 MiB - 29 ms:/home/bjorn/scripts/Mediatag/app/Core/Traits/Command/CommandHelper.php:getProcessClass:95
  0 => 
    0 => 'CommandHelper GetProccessClass => Mediatag\\Commands\\Create\\Process',
  ]
________________________________________________________________________________
________________________________________________________________________________
0:0.00 MiB - 29 ms:/home/bjorn/scripts/Mediatag/app/Core/Traits/Command/CommandHelper.php:getProcessClass:95
  0 => 
    0 => 'CommandHelper GetProccessClass => Mediatag\\Commands\\Create\\Process',
  ]
________________________________________________________________________________
________________________________________________________________________________
0:0.00 MiB - 40 ms:/home/bjorn/scripts/Mediatag/app/Core/Traits/Command/CommandHelper.php:getProcessClass:95
  0 => 
    0 => 'CommandHelper GetProccessClass => Mediatag\\Commands\\Create\\Process',
  ]
________________________________________________________________________________
________________________________________________________________________________
0:0.00 MiB - 29 ms:/home/bjorn/scripts/Mediatag/app/Core/Traits/Command/CommandHelper.php:getProcessClass:95
  0 => 
    0 => 'CommandHelper GetProccessClass => Mediatag\\Commands\\Create\\Process',
  ]
________________________________________________________________________________
________________________________________________________________________________
0:0.00 MiB - 29 ms:/home/bjorn/scripts/Mediatag/app/Core/Traits/Command/CommandHelper.php:getProcessClass:95
  0 => 
    0 => 'CommandHelper GetProccessClass => Mediatag\\Commands\\Create\\Process',
  ]
