0:0.00 MiB - 78 ms:/home/bjorn/scripts/Mediatag/app/Core/Traits/Command/CommandHelper.php:getProcessClass:95
  0 => 
    0 => 'CommandHelper GetProccessClass => Mediatag\\Commands\\Update\\Process',
  ]
________________________________________________________________________________
________________________________________________________________________________
0:0.00 MiB - 32 ms:/home/bjorn/scripts/Mediatag/app/Core/Traits/Command/CommandHelper.php:getProcessClass:95
  0 => 
    0 => 'CommandHelper GetProccessClass => Mediatag\\Commands\\Update\\Process',
  ]
________________________________________________________________________________
________________________________________________________________________________
0:0.00 MiB - 403 ms:/home/bjorn/scripts/Mediatag/app/Core/Traits/Command/CommandHelper.php:getProcessClass:95
  0 => 
    0 => 'CommandHelper GetProccessClass => Mediatag\\Commands\\Update\\Process',
  ]
________________________________________________________________________________
________________________________________________________________________________
0:0.00 MiB - 41 ms:/home/bjorn/scripts/Mediatag/app/Core/Traits/Command/CommandHelper.php:getProcessClass:95
  0 => 
    0 => 'CommandHelper GetProccessClass => Mediatag\\Commands\\Update\\Process',
  ]
________________________________________________________________________________
________________________________________________________________________________
0:0.00 MiB - 38 ms:/home/bjorn/scripts/Mediatag/app/Core/Traits/Command/CommandHelper.php:getProcessClass:95
  0 => 
    0 => 'CommandHelper GetProccessClass => Mediatag\\Commands\\Update\\Process',
  ]
________________________________________________________________________________
________________________________________________________________________________
0:0.00 MiB - 32 ms:/home/bjorn/scripts/Mediatag/app/Core/Traits/Command/CommandHelper.php:getProcessClass:95
  0 => 
    0 => 'CommandHelper GetProccessClass => Mediatag\\Commands\\Update\\Process',
  ]
________________________________________________________________________________
________________________________________________________________________________
0:0.00 MiB - 98 ms:/home/bjorn/scripts/Mediatag/app/Core/Traits/Command/CommandHelper.php:getProcessClass:95
  0 => 
    0 => 'CommandHelper GetProccessClass => Mediatag\\Commands\\Update\\Process',
  ]
________________________________________________________________________________
________________________________________________________________________________
0:0.00 MiB - 32 ms:/home/bjorn/scripts/Mediatag/app/Core/Traits/Command/CommandHelper.php:getProcessClass:95
  0 => 
    0 => 'CommandHelper GetProccessClass => Mediatag\\Commands\\Update\\Process',
  ]
________________________________________________________________________________
________________________________________________________________________________
0:0.00 MiB - 34 ms:/home/bjorn/scripts/Mediatag/app/Core/Traits/Command/CommandHelper.php:getProcessClass:95
  0 => 
    0 => 'CommandHelper GetProccessClass => Mediatag\\Commands\\Update\\Process',
  ]
________________________________________________________________________________
________________________________________________________________________________
0:0.00 MiB - 34 ms:/home/bjorn/scripts/Mediatag/app/Core/Traits/Command/CommandHelper.php:getProcessClass:95
  0 => 
    0 => 'CommandHelper GetProccessClass => Mediatag\\Commands\\Update\\Process',
  ]
________________________________________________________________________________
________________________________________________________________________________
0:0.00 MiB - 32 ms:/home/bjorn/scripts/Mediatag/app/Core/Traits/Command/CommandHelper.php:getProcessClass:95
  0 => 
    0 => 'CommandHelper GetProccessClass => Mediatag\\Commands\\Update\\Process',
  ]
________________________________________________________________________________
________________________________________________________________________________
0:0.00 MiB - 34 ms:/home/bjorn/scripts/Mediatag/app/Core/Traits/Command/CommandHelper.php:getProcessClass:95
  0 => 
    0 => 'CommandHelper GetProccessClass => Mediatag\\Commands\\Update\\Process',
  ]
________________________________________________________________________________
________________________________________________________________________________
0:0.00 MiB - 32 ms:/home/bjorn/scripts/Mediatag/app/Core/Traits/Command/CommandHelper.php:getProcessClass:95
  0 => 
    0 => 'CommandHelper GetProccessClass => Mediatag\\Commands\\Update\\Process',
  ]
________________________________________________________________________________
________________________________________________________________________________
0:0.00 MiB - 32 ms:/home/bjorn/scripts/Mediatag/app/Core/Traits/Command/CommandHelper.php:getProcessClass:95
  0 => 
    0 => 'CommandHelper GetProccessClass => Mediatag\\Commands\\Update\\Process',
  ]
________________________________________________________________________________
________________________________________________________________________________
0:0.00 MiB - 34 ms:/home/bjorn/scripts/Mediatag/app/Core/Traits/Command/CommandHelper.php:getProcessClass:95
  0 => 
    0 => 'CommandHelper GetProccessClass => Mediatag\\Commands\\Update\\Process',
  ]
________________________________________________________________________________
________________________________________________________________________________
0:0.00 MiB - 32 ms:/home/bjorn/scripts/Mediatag/app/Core/Traits/Command/CommandHelper.php:getProcessClass:95
  0 => 
    0 => 'CommandHelper GetProccessClass => Mediatag\\Commands\\Update\\Process',
  ]
________________________________________________________________________________
________________________________________________________________________________
0:0.00 MiB - 32 ms:/home/bjorn/scripts/Mediatag/app/Core/Traits/Command/CommandHelper.php:getProcessClass:95
  0 => 
    0 => 'CommandHelper GetProccessClass => Mediatag\\Commands\\Update\\Process',
  ]
________________________________________________________________________________
________________________________________________________________________________
0:0.00 MiB - 32 ms:/home/bjorn/scripts/Mediatag/app/Core/Traits/Command/CommandHelper.php:getProcessClass:95
  0 => 
    0 => 'CommandHelper GetProccessClass => Mediatag\\Commands\\Update\\Process',
  ]
________________________________________________________________________________
________________________________________________________________________________
0:0.00 MiB - 35 ms:/home/bjorn/scripts/Mediatag/app/Core/Traits/Command/CommandHelper.php:getProcessClass:95
  0 => 
    0 => 'CommandHelper GetProccessClass => Mediatag\\Commands\\Update\\Process',
  ]
________________________________________________________________________________
________________________________________________________________________________
0:0.00 MiB - 37 ms:/home/bjorn/scripts/Mediatag/app/Core/Traits/Command/CommandHelper.php:getProcessClass:95
  0 => 
    0 => 'CommandHelper GetProccessClass => Mediatag\\Commands\\Update\\Process',
  ]
________________________________________________________________________________
________________________________________________________________________________
0:0.00 MiB - 34 ms:/home/bjorn/scripts/Mediatag/app/Core/Traits/Command/CommandHelper.php:getProcessClass:95
  0 => 
    0 => 'CommandHelper GetProccessClass => Mediatag\\Commands\\Update\\Process',
  ]
________________________________________________________________________________
________________________________________________________________________________
0:0.00 MiB - 34 ms:/home/bjorn/scripts/Mediatag/app/Core/Traits/Command/CommandHelper.php:getProcessClass:95
  0 => 
    0 => 'CommandHelper GetProccessClass => Mediatag\\Commands\\Update\\Process',
  ]
________________________________________________________________________________
________________________________________________________________________________
0:0.00 MiB - 32 ms:/home/bjorn/scripts/Mediatag/app/Core/Traits/Command/CommandHelper.php:getProcessClass:95
  0 => 
    0 => 'CommandHelper GetProccessClass => Mediatag\\Commands\\Update\\Process',
  ]
________________________________________________________________________________
________________________________________________________________________________
0:0.00 MiB - 32 ms:/home/bjorn/scripts/Mediatag/app/Core/Traits/Command/CommandHelper.php:getProcessClass:95
  0 => 
    0 => 'CommandHelper GetProccessClass => Mediatag\\Commands\\Update\\Process',
  ]
________________________________________________________________________________
________________________________________________________________________________
0:0.00 MiB - 32 ms:/home/bjorn/scripts/Mediatag/app/Core/Traits/Command/CommandHelper.php:getProcessClass:95
  0 => 
    0 => 'CommandHelper GetProccessClass => Mediatag\\Commands\\Update\\Process',
  ]
________________________________________________________________________________
________________________________________________________________________________
0:0.00 MiB - 35 ms:/home/bjorn/scripts/Mediatag/app/Core/Traits/Command/CommandHelper.php:getProcessClass:95
  0 => 
    0 => 'CommandHelper GetProccessClass => Mediatag\\Commands\\Update\\Process',
  ]
________________________________________________________________________________
________________________________________________________________________________
0:0.00 MiB - 34 ms:/home/bjorn/scripts/Mediatag/app/Core/Traits/Command/CommandHelper.php:getProcessClass:95
  0 => 
    0 => 'CommandHelper GetProccessClass => Mediatag\\Commands\\Update\\Process',
  ]
________________________________________________________________________________
________________________________________________________________________________
0:0.00 MiB - 34 ms:/home/bjorn/scripts/Mediatag/app/Core/Traits/Command/CommandHelper.php:getProcessClass:95
  0 => 
    0 => 'CommandHelper GetProccessClass => Mediatag\\Commands\\Update\\Process',
  ]
________________________________________________________________________________
________________________________________________________________________________
0:0.00 MiB - 34 ms:/home/bjorn/scripts/Mediatag/app/Core/Traits/Command/CommandHelper.php:getProcessClass:95
  0 => 
    0 => 'CommandHelper GetProccessClass => Mediatag\\Commands\\Update\\Process',
  ]
________________________________________________________________________________
________________________________________________________________________________
0:0.00 MiB - 33 ms:/home/bjorn/scripts/Mediatag/app/Core/Traits/Command/CommandHelper.php:getProcessClass:95
  0 => 
    0 => 'CommandHelper GetProccessClass => Mediatag\\Commands\\Update\\Process',
  ]
________________________________________________________________________________
________________________________________________________________________________
0:0.00 MiB - 34 ms:/home/bjorn/scripts/Mediatag/app/Core/Traits/Command/CommandHelper.php:getProcessClass:95
  0 => 
    0 => 'CommandHelper GetProccessClass => Mediatag\\Commands\\Update\\Process',
  ]
________________________________________________________________________________
________________________________________________________________________________
0:0.00 MiB - 32 ms:/home/bjorn/scripts/Mediatag/app/Core/Traits/Command/CommandHelper.php:getProcessClass:95
  0 => 
    0 => 'CommandHelper GetProccessClass => Mediatag\\Commands\\Update\\Process',
  ]
________________________________________________________________________________
________________________________________________________________________________
0:0.00 MiB - 32 ms:/home/bjorn/scripts/Mediatag/app/Core/Traits/Command/CommandHelper.php:getProcessClass:95
  0 => 
    0 => 'CommandHelper GetProccessClass => Mediatag\\Commands\\Update\\Process',
  ]
________________________________________________________________________________
________________________________________________________________________________
0:0.00 MiB - 32 ms:/home/bjorn/scripts/Mediatag/app/Core/Traits/Command/CommandHelper.php:getProcessClass:95
  0 => 
    0 => 'CommandHelper GetProccessClass => Mediatag\\Commands\\Update\\Process',
  ]
________________________________________________________________________________
________________________________________________________________________________
0:0.00 MiB - 34 ms:/home/bjorn/scripts/Mediatag/app/Core/Traits/Command/CommandHelper.php:getProcessClass:95
  0 => 
    0 => 'CommandHelper GetProccessClass => Mediatag\\Commands\\Update\\Process',
  ]
________________________________________________________________________________
________________________________________________________________________________
0:0.00 MiB - 32 ms:/home/bjorn/scripts/Mediatag/app/Core/Traits/Command/CommandHelper.php:getProcessClass:95
  0 => 
    0 => 'CommandHelper GetProccessClass => Mediatag\\Commands\\Update\\Process',
  ]
________________________________________________________________________________
________________________________________________________________________________
0:0.00 MiB - 34 ms:/home/bjorn/scripts/Mediatag/app/Core/Traits/Command/CommandHelper.php:getProcessClass:95
  0 => 
    0 => 'CommandHelper GetProccessClass => Mediatag\\Commands\\Update\\Process',
  ]
________________________________________________________________________________
________________________________________________________________________________
0:0.00 MiB - 32 ms:/home/bjorn/scripts/Mediatag/app/Core/Traits/Command/CommandHelper.php:getProcessClass:95
  0 => 
    0 => 'CommandHelper GetProccessClass => Mediatag\\Commands\\Update\\Process',
  ]
________________________________________________________________________________
________________________________________________________________________________
0:0.00 MiB - 33 ms:/home/bjorn/scripts/Mediatag/app/Core/Traits/Command/CommandHelper.php:getProcessClass:95
  0 => 
    0 => 'CommandHelper GetProccessClass => Mediatag\\Commands\\Update\\Process',
  ]
________________________________________________________________________________
________________________________________________________________________________
0:0.00 MiB - 32 ms:/home/bjorn/scripts/Mediatag/app/Core/Traits/Command/CommandHelper.php:getProcessClass:95
  0 => 
    0 => 'CommandHelper GetProccessClass => Mediatag\\Commands\\Update\\Process',
  ]
________________________________________________________________________________
________________________________________________________________________________
0:0.00 MiB - 32 ms:/home/bjorn/scripts/Mediatag/app/Core/Traits/Command/CommandHelper.php:getProcessClass:95
  0 => 
    0 => 'CommandHelper GetProccessClass => Mediatag\\Commands\\Update\\Process',
  ]
________________________________________________________________________________
________________________________________________________________________________
0:0.00 MiB - 32 ms:/home/bjorn/scripts/Mediatag/app/Core/Traits/Command/CommandHelper.php:getProcessClass:95
  0 => 
    0 => 'CommandHelper GetProccessClass => Mediatag\\Commands\\Update\\Process',
  ]
________________________________________________________________________________
________________________________________________________________________________
0:0.00 MiB - 32 ms:/home/bjorn/scripts/Mediatag/app/Core/Traits/Command/CommandHelper.php:getProcessClass:95
  0 => 
    0 => 'CommandHelper GetProccessClass => Mediatag\\Commands\\Update\\Process',
  ]
________________________________________________________________________________
________________________________________________________________________________
0:0.00 MiB - 34 ms:/home/bjorn/scripts/Mediatag/app/Core/Traits/Command/CommandHelper.php:getProcessClass:95
  0 => 
    0 => 'CommandHelper GetProccessClass => Mediatag\\Commands\\Update\\Process',
  ]
________________________________________________________________________________
________________________________________________________________________________
0:0.00 MiB - 32 ms:/home/bjorn/scripts/Mediatag/app/Core/Traits/Command/CommandHelper.php:getProcessClass:95
  0 => 
    0 => 'CommandHelper GetProccessClass => Mediatag\\Commands\\Update\\Process',
  ]
________________________________________________________________________________
________________________________________________________________________________
0:0.00 MiB - 32 ms:/home/bjorn/scripts/Mediatag/app/Core/Traits/Command/CommandHelper.php:getProcessClass:95
  0 => 
    0 => 'CommandHelper GetProccessClass => Mediatag\\Commands\\Update\\Process',
  ]
________________________________________________________________________________
________________________________________________________________________________
0:0.00 MiB - 32 ms:/home/bjorn/scripts/Mediatag/app/Core/Traits/Command/CommandHelper.php:getProcessClass:95
  0 => 
    0 => 'CommandHelper GetProccessClass => Mediatag\\Commands\\Update\\Process',
  ]
________________________________________________________________________________
________________________________________________________________________________
0:0.00 MiB - 39 ms:/home/bjorn/scripts/Mediatag/app/Core/Traits/Command/CommandHelper.php:getProcessClass:95
  0 => 
    0 => 'CommandHelper GetProccessClass => Mediatag\\Commands\\Update\\Process',
  ]
________________________________________________________________________________
________________________________________________________________________________
0:0.00 MiB - 35 ms:/home/bjorn/scripts/Mediatag/app/Core/Traits/Command/CommandHelper.php:getProcessClass:95
  0 => 
    0 => 'CommandHelper GetProccessClass => Mediatag\\Commands\\Update\\Process',
  ]
________________________________________________________________________________
________________________________________________________________________________
0:0.00 MiB - 32 ms:/home/bjorn/scripts/Mediatag/app/Core/Traits/Command/CommandHelper.php:getProcessClass:95
  0 => 
    0 => 'CommandHelper GetProccessClass => Mediatag\\Commands\\Update\\Process',
  ]
________________________________________________________________________________
________________________________________________________________________________
0:0.00 MiB - 32 ms:/home/bjorn/scripts/Mediatag/app/Core/Traits/Command/CommandHelper.php:getProcessClass:95
  0 => 
    0 => 'CommandHelper GetProccessClass => Mediatag\\Commands\\Update\\Process',
  ]
________________________________________________________________________________
________________________________________________________________________________
0:0.00 MiB - 32 ms:/home/bjorn/scripts/Mediatag/app/Core/Traits/Command/CommandHelper.php:getProcessClass:95
  0 => 
    0 => 'CommandHelper GetProccessClass => Mediatag\\Commands\\Update\\Process',
  ]
