0:[1;34m0.00 MiB - 32 ms[0m:[1;33m/home/bjorn/scripts/Mediatag/app/Core/Helper/[0m[0;34mCommandHelper.php[0m:[0;31mgetProcessClass[0m:[0;32m95[0m
  0 => 
    0 => 'CommandHelper GetProccessClass => Mediatag\\Commands\\Show\\Process',
  ]
________________________________________________________________________________
________________________________________________________________________________
0:[1;34m0.00 MiB - 26 ms[0m:[1;33m/home/bjorn/scripts/Mediatag/app/Core/Helper/[0m[0;34mCommandHelper.php[0m:[0;31mgetProcessClass[0m:[0;32m95[0m
  0 => 
    0 => 'CommandHelper GetProccessClass => Mediatag\\Commands\\Show\\Process',
  ]
________________________________________________________________________________
________________________________________________________________________________
0:0.00 MiB - 26 ms:/home/bjorn/scripts/Mediatag/app/Core/Helper/CommandHelper.php:getProcessClass:95
  0 => 
    0 => 'CommandHelper GetProccessClass => Mediatag\\Commands\\Show\\Process',
  ]
________________________________________________________________________________
________________________________________________________________________________
0:0.00 MiB - 29 ms:/home/bjorn/scripts/Mediatag/app/Core/Traits/Command/CommandHelper.php:getProcessClass:95
  0 => 
    0 => 'CommandHelper GetProccessClass => Mediatag\\Commands\\Show\\Process',
  ]
________________________________________________________________________________
________________________________________________________________________________
0:0.00 MiB - 28 ms:/home/bjorn/scripts/Mediatag/app/Core/Traits/Command/CommandHelper.php:getProcessClass:95
  0 => 
    0 => 'CommandHelper GetProccessClass => Mediatag\\Commands\\Show\\Process',
  ]
________________________________________________________________________________
________________________________________________________________________________
0:0.00 MiB - 27 ms:/home/bjorn/scripts/Mediatag/app/Core/Traits/Command/CommandHelper.php:getProcessClass:95
  0 => 
    0 => 'CommandHelper GetProccessClass => Mediatag\\Commands\\Show\\Process',
  ]
________________________________________________________________________________
________________________________________________________________________________
0:0.00 MiB - 26 ms:/home/bjorn/scripts/Mediatag/app/Core/Traits/Command/CommandHelper.php:getProcessClass:95
  0 => 
    0 => 'CommandHelper GetProccessClass => Mediatag\\Commands\\Show\\Process',
  ]
________________________________________________________________________________
________________________________________________________________________________
0:0.00 MiB - 29 ms:/home/bjorn/scripts/Mediatag/app/Core/Traits/Command/CommandHelper.php:getProcessClass:95
  0 => 
    0 => 'CommandHelper GetProccessClass => Mediatag\\Commands\\Show\\Process',
  ]
________________________________________________________________________________
________________________________________________________________________________
0:0.00 MiB - 32 ms:/home/bjorn/scripts/Mediatag/app/Core/Traits/Command/CommandHelper.php:getProcessClass:95
  0 => 
    0 => 'CommandHelper GetProccessClass => Mediatag\\Commands\\Show\\Process',
  ]
________________________________________________________________________________
________________________________________________________________________________
0:0.00 MiB - 30 ms:/home/bjorn/scripts/Mediatag/app/Core/Traits/Command/CommandHelper.php:getProcessClass:95
  0 => 
    0 => 'CommandHelper GetProccessClass => Mediatag\\Commands\\Show\\Process',
  ]
________________________________________________________________________________
________________________________________________________________________________
0:0.00 MiB - 30 ms:/home/bjorn/scripts/Mediatag/app/Core/Traits/Command/CommandHelper.php:getProcessClass:95
  0 => 
    0 => 'CommandHelper GetProccessClass => Mediatag\\Commands\\Show\\Process',
  ]
