0:0.00 MiB - 24 ms:/home/bjorn/scripts/Mediatag/app/Core/Traits/Command/CommandHelper.php:getProcessClass:95
  0 => 
    0 => 'CommandHelper GetProccessClass => Mediatag\\Commands\\Playlist\\Process',
  ]
________________________________________________________________________________
________________________________________________________________________________
0:0.00 MiB - 25 ms:/home/bjorn/scripts/Mediatag/app/Core/Traits/Command/CommandHelper.php:getProcessClass:95
  0 => 
    0 => 'CommandHelper GetProccessClass => Mediatag\\Commands\\Playlist\\Process',
  ]
________________________________________________________________________________
________________________________________________________________________________
0:0.00 MiB - 30 ms:/home/bjorn/scripts/Mediatag/app/Core/Traits/Command/CommandHelper.php:getProcessClass:95
  0 => 
    0 => 'CommandHelper GetProccessClass => Mediatag\\Commands\\Playlist\\Process',
  ]
________________________________________________________________________________
________________________________________________________________________________
0:0.00 MiB - 32 ms:/home/bjorn/scripts/Mediatag/app/Core/Traits/Command/CommandHelper.php:getProcessClass:95
  0 => 
    0 => 'CommandHelper GetProccessClass => Mediatag\\Commands\\Playlist\\Process',
  ]
________________________________________________________________________________
________________________________________________________________________________
0:0.00 MiB - 32 ms:/home/bjorn/scripts/Mediatag/app/Core/Traits/Command/CommandHelper.php:getProcessClass:95
  0 => 
    0 => 'CommandHelper GetProccessClass => Mediatag\\Commands\\Playlist\\Process',
  ]
________________________________________________________________________________
________________________________________________________________________________
0:0.00 MiB - 30 ms:/home/bjorn/scripts/Mediatag/app/Core/Traits/Command/CommandHelper.php:getProcessClass:95
  0 => 
    0 => 'CommandHelper GetProccessClass => Mediatag\\Commands\\Playlist\\Process',
  ]
________________________________________________________________________________
________________________________________________________________________________
0:0.00 MiB - 33 ms:/home/bjorn/scripts/Mediatag/app/Core/Traits/Command/CommandHelper.php:getProcessClass:95
  0 => 
    0 => 'CommandHelper GetProccessClass => Mediatag\\Commands\\Playlist\\Process',
  ]
________________________________________________________________________________
________________________________________________________________________________
0:0.00 MiB - 28 ms:/home/bjorn/scripts/Mediatag/app/Core/Traits/Command/CommandHelper.php:getProcessClass:95
  0 => 
    0 => 'CommandHelper GetProccessClass => Mediatag\\Commands\\Playlist\\Process',
  ]
________________________________________________________________________________
________________________________________________________________________________
0:0.00 MiB - 28 ms:/home/bjorn/scripts/Mediatag/app/Core/Traits/Command/CommandHelper.php:getProcessClass:95
  0 => 
    0 => 'CommandHelper GetProccessClass => Mediatag\\Commands\\Playlist\\Process',
  ]
________________________________________________________________________________
________________________________________________________________________________
0:0.00 MiB - 28 ms:/home/bjorn/scripts/Mediatag/app/Core/Traits/Command/CommandHelper.php:getProcessClass:95
  0 => 
    0 => 'CommandHelper GetProccessClass => Mediatag\\Commands\\Playlist\\Process',
  ]
________________________________________________________________________________
________________________________________________________________________________
0:0.00 MiB - 28 ms:/home/bjorn/scripts/Mediatag/app/Core/Traits/Command/CommandHelper.php:getProcessClass:95
  0 => 
    0 => 'CommandHelper GetProccessClass => Mediatag\\Commands\\Playlist\\Process',
  ]
________________________________________________________________________________
________________________________________________________________________________
0:0.00 MiB - 28 ms:/home/bjorn/scripts/Mediatag/app/Core/Traits/Command/CommandHelper.php:getProcessClass:95
  0 => 
    0 => 'CommandHelper GetProccessClass => Mediatag\\Commands\\Playlist\\Process',
  ]
________________________________________________________________________________
________________________________________________________________________________
0:0.00 MiB - 28 ms:/home/bjorn/scripts/Mediatag/app/Core/Traits/Command/CommandHelper.php:getProcessClass:95
  0 => 
    0 => 'CommandHelper GetProccessClass => Mediatag\\Commands\\Playlist\\Process',
  ]
________________________________________________________________________________
________________________________________________________________________________
0:0.00 MiB - 28 ms:/home/bjorn/scripts/Mediatag/app/Core/Traits/Command/CommandHelper.php:getProcessClass:95
  0 => 
    0 => 'CommandHelper GetProccessClass => Mediatag\\Commands\\Playlist\\Process',
  ]
________________________________________________________________________________
________________________________________________________________________________
0:0.00 MiB - 29 ms:/home/bjorn/scripts/Mediatag/app/Core/Traits/Command/CommandHelper.php:getProcessClass:95
  0 => 
    0 => 'CommandHelper GetProccessClass => Mediatag\\Commands\\Playlist\\Process',
  ]
________________________________________________________________________________
________________________________________________________________________________
0:0.00 MiB - 28 ms:/home/bjorn/scripts/Mediatag/app/Core/Traits/Command/CommandHelper.php:getProcessClass:95
  0 => 
    0 => 'CommandHelper GetProccessClass => Mediatag\\Commands\\Playlist\\Process',
  ]
________________________________________________________________________________
________________________________________________________________________________
0:0.00 MiB - 31 ms:/home/bjorn/scripts/Mediatag/app/Core/Traits/Command/CommandHelper.php:getProcessClass:95
  0 => 
    0 => 'CommandHelper GetProccessClass => Mediatag\\Commands\\Playlist\\Process',
  ]
________________________________________________________________________________
________________________________________________________________________________
0:0.00 MiB - 29 ms:/home/bjorn/scripts/Mediatag/app/Core/Traits/Command/CommandHelper.php:getProcessClass:95
  0 => 
    0 => 'CommandHelper GetProccessClass => Mediatag\\Commands\\Playlist\\Process',
  ]
